2016-11-03 16:13:12 - PHP Notice:  Undefined index: model in D:\OpenServer\domains\opencart-test\admin\controller\catalog\product.php on line 1339
2016-11-03 16:16:37 - PHP Notice:  Undefined index: model in D:\OpenServer\domains\opencart-test\admin\model\catalog\product.php on line 4
2016-11-03 16:16:37 - PHP Warning:  Cannot modify header information - headers already sent by (output started at D:\OpenServer\domains\opencart-test\admin\controller\startup\error.php:34) in D:\OpenServer\domains\opencart-test\system\library\response.php on line 12
2016-11-03 16:21:35 - PHP Notice:  Undefined index: model in D:\OpenServer\domains\opencart-test\admin\controller\catalog\product.php on line 1339
2016-11-03 16:21:35 - PHP Notice:  Undefined index: model in D:\OpenServer\domains\opencart-test\admin\controller\catalog\product.php on line 1339
2016-11-03 16:21:53 - PHP Notice:  Undefined index: model in D:\OpenServer\domains\opencart-test\admin\controller\catalog\product.php on line 1339
2016-11-03 16:50:20 - PHP Notice:  Undefined variable: entry_weight in D:\OpenServer\domains\opencart-test\admin\view\template\catalog\product_list.tpl on line 41
2016-11-03 16:50:20 - PHP Notice:  Undefined variable: filter_weight in D:\OpenServer\domains\opencart-test\admin\view\template\catalog\product_list.tpl on line 42
2016-11-03 16:50:20 - PHP Notice:  Undefined variable: entry_weight in D:\OpenServer\domains\opencart-test\admin\view\template\catalog\product_list.tpl on line 42
2016-11-03 16:53:34 - PHP Notice:  Undefined variable: filter_weight in D:\OpenServer\domains\opencart-test\admin\view\template\catalog\product_list.tpl on line 42
2016-11-03 17:00:31 - PHP Notice:  Undefined variable: filter_weight in D:\OpenServer\domains\opencart-test\admin\view\template\catalog\product_list.tpl on line 42
2016-11-03 17:08:32 - PHP Notice:  Undefined variable: filter_weight in D:\OpenServer\domains\opencart-test\admin\view\template\catalog\product_list.tpl on line 42
2016-11-03 18:58:47 - PHP Notice:  Undefined index: weight in D:\OpenServer\domains\opencart-test\admin\view\template\catalog\product_list.tpl on line 148
2016-11-03 18:58:47 - PHP Notice:  Undefined index: weight in D:\OpenServer\domains\opencart-test\admin\view\template\catalog\product_list.tpl on line 148
2016-11-03 18:58:47 - PHP Notice:  Undefined index: weight in D:\OpenServer\domains\opencart-test\admin\view\template\catalog\product_list.tpl on line 148
2016-11-03 19:01:16 - PHP Notice:  Undefined index: weight in D:\OpenServer\domains\opencart-test\admin\view\template\catalog\product_list.tpl on line 148
2016-11-03 19:01:16 - PHP Notice:  Undefined index: weight in D:\OpenServer\domains\opencart-test\admin\view\template\catalog\product_list.tpl on line 148
2016-11-03 19:01:16 - PHP Notice:  Undefined index: weight in D:\OpenServer\domains\opencart-test\admin\view\template\catalog\product_list.tpl on line 148
2016-11-03 19:01:29 - PHP Notice:  Undefined index: weight in D:\OpenServer\domains\opencart-test\admin\view\template\catalog\product_list.tpl on line 148
2016-11-03 19:01:29 - PHP Notice:  Undefined index: weight in D:\OpenServer\domains\opencart-test\admin\view\template\catalog\product_list.tpl on line 148
2016-11-03 19:01:29 - PHP Notice:  Undefined index: weight in D:\OpenServer\domains\opencart-test\admin\view\template\catalog\product_list.tpl on line 148
2016-11-03 19:02:08 - PHP Notice:  Undefined index: weight in D:\OpenServer\domains\opencart-test\admin\view\template\catalog\product_list.tpl on line 148
2016-11-03 19:02:08 - PHP Notice:  Undefined index: weight in D:\OpenServer\domains\opencart-test\admin\view\template\catalog\product_list.tpl on line 148
2016-11-03 19:02:08 - PHP Notice:  Undefined index: weight in D:\OpenServer\domains\opencart-test\admin\view\template\catalog\product_list.tpl on line 148
2016-11-03 19:02:11 - PHP Notice:  Undefined index: weight in D:\OpenServer\domains\opencart-test\admin\view\template\catalog\product_list.tpl on line 148
2016-11-03 19:02:11 - PHP Notice:  Undefined index: weight in D:\OpenServer\domains\opencart-test\admin\view\template\catalog\product_list.tpl on line 148
2016-11-03 19:02:11 - PHP Notice:  Undefined index: weight in D:\OpenServer\domains\opencart-test\admin\view\template\catalog\product_list.tpl on line 148
2016-11-03 19:02:15 - PHP Notice:  Undefined index: weight in D:\OpenServer\domains\opencart-test\admin\view\template\catalog\product_list.tpl on line 148
2016-11-03 19:02:15 - PHP Notice:  Undefined index: weight in D:\OpenServer\domains\opencart-test\admin\view\template\catalog\product_list.tpl on line 148
2016-11-03 19:02:15 - PHP Notice:  Undefined index: weight in D:\OpenServer\domains\opencart-test\admin\view\template\catalog\product_list.tpl on line 148
2016-11-03 19:02:18 - PHP Notice:  Undefined index: weight in D:\OpenServer\domains\opencart-test\admin\view\template\catalog\product_list.tpl on line 148
2016-11-03 19:02:18 - PHP Notice:  Undefined index: weight in D:\OpenServer\domains\opencart-test\admin\view\template\catalog\product_list.tpl on line 148
2016-11-03 19:02:18 - PHP Notice:  Undefined index: weight in D:\OpenServer\domains\opencart-test\admin\view\template\catalog\product_list.tpl on line 148
2016-11-03 19:02:23 - PHP Notice:  Undefined index: weight in D:\OpenServer\domains\opencart-test\admin\view\template\catalog\product_list.tpl on line 148
2016-11-03 19:02:23 - PHP Notice:  Undefined index: weight in D:\OpenServer\domains\opencart-test\admin\view\template\catalog\product_list.tpl on line 148
2016-11-03 19:02:23 - PHP Notice:  Undefined index: weight in D:\OpenServer\domains\opencart-test\admin\view\template\catalog\product_list.tpl on line 148
2016-11-03 19:02:27 - PHP Notice:  Undefined index: weight in D:\OpenServer\domains\opencart-test\admin\view\template\catalog\product_list.tpl on line 148
2016-11-03 19:02:27 - PHP Notice:  Undefined index: weight in D:\OpenServer\domains\opencart-test\admin\view\template\catalog\product_list.tpl on line 148
2016-11-03 19:02:27 - PHP Notice:  Undefined index: weight in D:\OpenServer\domains\opencart-test\admin\view\template\catalog\product_list.tpl on line 148
2016-11-03 19:05:18 - PHP Notice:  Undefined variable: data in D:\OpenServer\domains\opencart-test\admin\view\template\catalog\product_list.tpl on line 148
2016-11-03 19:05:18 - PHP Notice:  Undefined variable: data in D:\OpenServer\domains\opencart-test\admin\view\template\catalog\product_list.tpl on line 148
2016-11-03 19:05:18 - PHP Notice:  Undefined variable: data in D:\OpenServer\domains\opencart-test\admin\view\template\catalog\product_list.tpl on line 148
2016-11-03 19:05:28 - PHP Notice:  Undefined index: weight in D:\OpenServer\domains\opencart-test\admin\view\template\catalog\product_list.tpl on line 148
2016-11-03 19:05:28 - PHP Notice:  Undefined index: weight in D:\OpenServer\domains\opencart-test\admin\view\template\catalog\product_list.tpl on line 148
2016-11-03 19:05:28 - PHP Notice:  Undefined index: weight in D:\OpenServer\domains\opencart-test\admin\view\template\catalog\product_list.tpl on line 148
2016-11-03 19:05:35 - PHP Notice:  Undefined index: weight in D:\OpenServer\domains\opencart-test\admin\view\template\catalog\product_list.tpl on line 148
2016-11-03 19:05:35 - PHP Notice:  Undefined index: weight in D:\OpenServer\domains\opencart-test\admin\view\template\catalog\product_list.tpl on line 148
2016-11-03 19:05:35 - PHP Notice:  Undefined index: weight in D:\OpenServer\domains\opencart-test\admin\view\template\catalog\product_list.tpl on line 148
2016-11-03 19:13:50 - PHP Notice:  Undefined index: weight in D:\OpenServer\domains\opencart-test\admin\view\template\catalog\product_list.tpl on line 148
2016-11-03 19:13:50 - PHP Notice:  Undefined index: weight in D:\OpenServer\domains\opencart-test\admin\view\template\catalog\product_list.tpl on line 148
2016-11-03 19:13:50 - PHP Notice:  Undefined index: weight in D:\OpenServer\domains\opencart-test\admin\view\template\catalog\product_list.tpl on line 148
2016-11-03 19:21:26 - PHP Notice:  Undefined index: weight in D:\OpenServer\domains\opencart-test\admin\view\template\catalog\product_list.tpl on line 148
2016-11-03 19:21:26 - PHP Notice:  Undefined index: weight in D:\OpenServer\domains\opencart-test\admin\view\template\catalog\product_list.tpl on line 148
2016-11-03 19:21:26 - PHP Notice:  Undefined index: weight in D:\OpenServer\domains\opencart-test\admin\view\template\catalog\product_list.tpl on line 148
2016-11-03 19:21:28 - PHP Notice:  Undefined index: weight in D:\OpenServer\domains\opencart-test\admin\view\template\catalog\product_list.tpl on line 148
2016-11-03 19:21:28 - PHP Notice:  Undefined index: weight in D:\OpenServer\domains\opencart-test\admin\view\template\catalog\product_list.tpl on line 148
2016-11-03 19:21:28 - PHP Notice:  Undefined index: weight in D:\OpenServer\domains\opencart-test\admin\view\template\catalog\product_list.tpl on line 148
2016-11-03 19:43:49 - PHP Notice:  Undefined index: weight in D:\OpenServer\domains\opencart-test\admin\view\template\catalog\product_list.tpl on line 148
2016-11-03 19:43:49 - PHP Notice:  Undefined index: weight in D:\OpenServer\domains\opencart-test\admin\view\template\catalog\product_list.tpl on line 148
2016-11-03 19:43:49 - PHP Notice:  Undefined index: weight in D:\OpenServer\domains\opencart-test\admin\view\template\catalog\product_list.tpl on line 148
2016-11-03 19:44:13 - PHP Notice:  Undefined index: weight in D:\OpenServer\domains\opencart-test\admin\view\template\catalog\product_list.tpl on line 148
2016-11-03 19:44:13 - PHP Notice:  Undefined index: weight in D:\OpenServer\domains\opencart-test\admin\view\template\catalog\product_list.tpl on line 148
2016-11-03 19:44:13 - PHP Notice:  Undefined index: weight in D:\OpenServer\domains\opencart-test\admin\view\template\catalog\product_list.tpl on line 148
2016-11-03 19:44:15 - PHP Notice:  Undefined index: weight in D:\OpenServer\domains\opencart-test\admin\view\template\catalog\product_list.tpl on line 148
2016-11-03 19:44:15 - PHP Notice:  Undefined index: weight in D:\OpenServer\domains\opencart-test\admin\view\template\catalog\product_list.tpl on line 148
2016-11-03 19:44:15 - PHP Notice:  Undefined index: weight in D:\OpenServer\domains\opencart-test\admin\view\template\catalog\product_list.tpl on line 148
2016-11-03 19:46:54 - PHP Notice:  Undefined index: weight in D:\OpenServer\domains\opencart-test\admin\view\template\catalog\product_list.tpl on line 148
2016-11-03 19:46:54 - PHP Notice:  Undefined index: weight in D:\OpenServer\domains\opencart-test\admin\view\template\catalog\product_list.tpl on line 148
2016-11-03 19:46:54 - PHP Notice:  Undefined index: weight in D:\OpenServer\domains\opencart-test\admin\view\template\catalog\product_list.tpl on line 148
2016-11-03 19:57:34 - PHP Notice:  Undefined index: weight in D:\OpenServer\domains\opencart-test\admin\view\template\catalog\product_list.tpl on line 148
2016-11-03 19:57:34 - PHP Notice:  Undefined index: weight in D:\OpenServer\domains\opencart-test\admin\view\template\catalog\product_list.tpl on line 148
2016-11-03 19:57:34 - PHP Notice:  Undefined index: weight in D:\OpenServer\domains\opencart-test\admin\view\template\catalog\product_list.tpl on line 148
2016-11-03 20:02:55 - PHP Notice:  Undefined index: weight in D:\OpenServer\domains\opencart-test\admin\view\template\catalog\product_list.tpl on line 148
2016-11-03 20:02:55 - PHP Notice:  Undefined index: weight in D:\OpenServer\domains\opencart-test\admin\view\template\catalog\product_list.tpl on line 148
2016-11-03 20:02:55 - PHP Notice:  Undefined index: weight in D:\OpenServer\domains\opencart-test\admin\view\template\catalog\product_list.tpl on line 148
